<?xml version="1.0" encoding="UTF-8"?>
<!-- Generated by org.testng.reporters.JUnitXMLReporter -->
<testsuite hostname="D1ML22830" ignored="0" name="test" tests="2" failures="2" timestamp="29 Jun 2018 10:29:07 GMT" time="9.194" errors="0">
  <testcase name="registerUserWithCorrectCreds" time="0.01" classname="com.demoaut.newtours.tests.RegisterUserTest">
    <failure type="java.lang.NullPointerException">
      <![CDATA[java.lang.NullPointerException
	at org.openqa.selenium.support.pagefactory.DefaultElementLocator.findElement(DefaultElementLocator.java:69)
	at org.openqa.selenium.support.pagefactory.internal.LocatingElementHandler.invoke(LocatingElementHandler.java:38)
	at com.sun.proxy.$Proxy11.click(Unknown Source)
	at com.demoaut.newtours.tests.RegisterUserTest.registerUserWithCorrectCreds(RegisterUserTest.java:19)
... Removed 25 stack frames]]>
    </failure>
  </testcase> <!-- registerUserWithCorrectCreds -->
  <testcase name="registerUserWithIncorrectCreds" time="0.714" classname="com.demoaut.newtours.tests.RegisterUserTest">
    <failure type="java.lang.NullPointerException">
      <![CDATA[java.lang.NullPointerException
	at org.openqa.selenium.support.pagefactory.DefaultElementLocator.findElement(DefaultElementLocator.java:69)
	at org.openqa.selenium.support.pagefactory.internal.LocatingElementHandler.invoke(LocatingElementHandler.java:38)
	at com.sun.proxy.$Proxy11.clear(Unknown Source)
	at com.demoaut.newtours.pages.LoginPage.loginUser(LoginPage.java:25)
	at com.demoaut.newtours.tests.RegisterUserTest.registerUserWithIncorrectCreds(RegisterUserTest.java:29)
... Removed 25 stack frames]]>
    </failure>
  </testcase> <!-- registerUserWithIncorrectCreds -->
</testsuite> <!-- test -->
